<?xml version="1.0" encoding="UTF-8"?>
<testng-results ignored="0" total="1" passed="1" failed="0" skipped="0">
  <reporter-output>
    <line>
      <![CDATA[hi Good morning]]>
    </line>
  </reporter-output>
  <suite started-at="2024-11-30T15:58:30 IST" name="Default suite" finished-at="2024-11-30T15:58:35 IST" duration-ms="5738">
    <groups>
    </groups>
    <test started-at="2024-11-30T15:58:30 IST" name="Default test" finished-at="2024-11-30T15:58:35 IST" duration-ms="5738">
      <class name="testng.example1testng">
        <test-method signature="kitelogin()[pri:0, instance:testng.example1testng@50eac852]" started-at="2024-11-30T15:58:30 IST" name="kitelogin" finished-at="2024-11-30T15:58:35 IST" duration-ms="5661" status="PASS">
          <reporter-output>
            <line>
              <![CDATA[hi Good morning]]>
            </line>
          </reporter-output>
        </test-method> <!-- kitelogin -->
      </class> <!-- testng.example1testng -->
    </test> <!-- Default test -->
  </suite> <!-- Default suite -->
</testng-results>
